<?xml version="1.0" encoding="utf-8"?><testsuites name="pytest tests"><testsuite name="pytest" errors="0" failures="0" skipped="0" tests="110" time="2.867" timestamp="2026-09-05T16:32:32.081442+00:00" hostname="localhost"><testcase classname="tests.test_atoms_trajectory" name="test_nuisance_invariance[0]" time="0.023" /><testcase classname="tests.test_atoms_trajectory" name="test_nuisance_invariance[1]" time="0.001" /><testcase classname="tests.test_atoms_trajectory" name="test_nuisance_invariance[2]" time="0.001" /><testcase classname="tests.test_atoms_trajectory" name="test_nuisance_invariance[3]" time="0.001" /><testcase classname="tests.test_atoms_trajectory" name="test_nuisance_invariance[4]" time="0.001" /><testcase classname="tests.test_atoms_trajectory" name="test_crossfit_not_falsely_same_sample_projection" time="0.001" /><testcase classname="tests.test_atoms_trajectory" name="test_sparse_signed_atoms_and_fit" time="0.002" /><testcase classname="tests.test_atoms_trajectory" name="test_projection_seed_and_invalid_sparsity" time="0.000" /><testcase classname="tests.test_atoms_trajectory" name="test_adjoint_matches_finite_difference[0]" time="0.001" /><testcase classname="tests.test_atoms_trajectory" name="test_adjoint_matches_finite_difference[1]" time="0.001" /><testcase classname="tests.test_atoms_trajectory" name="test_adjoint_matches_finite_difference[2]" time="0.001" /><testcase classname="tests.test_atoms_trajectory" name="test_adjoint_matches_finite_difference[3]" time="0.001" /><testcase classname="tests.test_atoms_trajectory" name="test_adjoint_matches_finite_difference[4]" time="0.001" /><testcase classname="tests.test_atoms_trajectory" name="test_order_bracket_and_null" time="0.001" /><testcase classname="tests.test_data_training" name="test_record_roundtrip_and_splits" time="0.004" /><testcase classname="tests.test_data_training" name="test_future_history_and_split_overlap" time="0.001" /><testcase classname="tests.test_data_training" name="test_prompt_never_contains_labels" time="0.001" /><testcase classname="tests.test_data_training" name="test_masked_sft_shift" time="0.003" /><testcase classname="tests.test_data_training" name="test_end_to_end_supervised[uniform]" time="0.794" /><testcase classname="tests.test_data_training" name="test_end_to_end_supervised[scalar]" time="0.012" /><testcase classname="tests.test_data_training" name="test_end_to_end_supervised[frontier]" time="0.018" /><testcase classname="tests.test_data_training" name="test_end_to_end_supervised[atoms_frontier]" time="0.023" /><testcase classname="tests.test_data_training" name="test_gradient_parameter_guard" time="0.001" /><testcase classname="tests.test_data_training" name="test_local_kuairand_adapter" time="0.001" /><testcase classname="tests.test_data_training" name="test_direct_split_validator_checks_history_invariant" time="0.010" /><testcase classname="tests.test_data_training" name="test_large_timestamp_tie_keeps_strictly_earlier_history" time="0.001" /><testcase classname="tests.test_exploration_decoding" name="test_pagerank_dangling_and_stationarity" time="0.001" /><testcase classname="tests.test_exploration_decoding" name="test_absorbing_value_and_divergence" time="0.000" /><testcase classname="tests.test_exploration_decoding" name="test_safety_mixture" time="0.001" /><testcase classname="tests.test_exploration_decoding" name="test_kl_tilt_not_additive_mixture" time="0.000" /><testcase classname="tests.test_exploration_decoding" name="test_trie_prefix_eos_and_collisions" time="0.001" /><testcase classname="tests.test_exploration_decoding" name="test_speculative_exact_identity[0]" time="0.001" /><testcase classname="tests.test_exploration_decoding" name="test_speculative_exact_identity[1]" time="0.000" /><testcase classname="tests.test_exploration_decoding" name="test_speculative_exact_identity[2]" time="0.000" /><testcase classname="tests.test_exploration_decoding" name="test_speculative_exact_identity[3]" time="0.000" /><testcase classname="tests.test_exploration_decoding" name="test_speculative_exact_identity[4]" time="0.000" /><testcase classname="tests.test_exploration_decoding" name="test_speculative_exact_identity[5]" time="0.000" /><testcase classname="tests.test_exploration_decoding" name="test_speculative_exact_identity[6]" time="0.000" /><testcase classname="tests.test_exploration_decoding" name="test_speculative_exact_identity[7]" time="0.000" /><testcase classname="tests.test_exploration_decoding" name="test_speculation_zero_support_and_monte_carlo" time="0.258" /><testcase classname="tests.test_exploration_decoding" name="test_trie_bad_distribution_is_not_zero_probability" time="0.000" /><testcase classname="tests.test_frontier" name="test_primal_dual[0]" time="0.004" /><testcase classname="tests.test_frontier" name="test_primal_dual[1]" time="0.003" /><testcase classname="tests.test_frontier" name="test_primal_dual[2]" time="0.003" /><testcase classname="tests.test_frontier" name="test_primal_dual[3]" time="0.003" /><testcase classname="tests.test_frontier" name="test_primal_dual[4]" time="0.003" /><testcase classname="tests.test_frontier" name="test_primal_dual[5]" time="0.003" /><testcase classname="tests.test_frontier" name="test_primal_dual[6]" time="0.003" /><testcase classname="tests.test_frontier" name="test_primal_dual[7]" time="0.003" /><testcase classname="tests.test_frontier" name="test_primal_dual[8]" time="0.003" /><testcase classname="tests.test_frontier" name="test_primal_dual[9]" time="0.003" /><testcase classname="tests.test_frontier" name="test_pool_gap_not_intrinsic_conflict" time="0.005" /><testcase classname="tests.test_frontier" name="test_acquisition_witness_necessary_not_sufficient" time="0.007" /><testcase classname="tests.test_frontier" name="test_floor_is_optimized_not_added_afterwards" time="0.003" /><testcase classname="tests.test_frontier" name="test_priced_atoms_matches_full_frontier[0]" time="0.020" /><testcase classname="tests.test_frontier" name="test_priced_atoms_matches_full_frontier[1]" time="0.013" /><testcase classname="tests.test_frontier" name="test_priced_atoms_matches_full_frontier[2]" time="0.017" /><testcase classname="tests.test_frontier" name="test_priced_atoms_matches_full_frontier[3]" time="0.011" /><testcase classname="tests.test_frontier" name="test_priced_atoms_matches_full_frontier[4]" time="0.017" /><testcase classname="tests.test_frontier" name="test_priced_atoms_matches_full_frontier[5]" time="0.017" /><testcase classname="tests.test_frontier" name="test_priced_atoms_matches_full_frontier[6]" time="0.009" /><testcase classname="tests.test_frontier" name="test_quadratic_descent_bound_and_noise_penalty" time="0.001" /><testcase classname="tests.test_frontier" name="test_zero_direction_and_rejections" time="0.000" /><testcase classname="tests.test_frontier" name="test_scalarization_destroys_objective_information" time="0.000" /><testcase classname="tests.test_frontier" name="test_dual_face_repairs_single_witness_false_positive" time="0.004" /><testcase classname="tests.test_frontier" name="test_complementary_acquisition_not_submodular" time="0.018" /><testcase classname="tests.test_frontier" name="test_face_gain_directional_derivative[0]" time="0.008" /><testcase classname="tests.test_frontier" name="test_face_gain_directional_derivative[1]" time="0.008" /><testcase classname="tests.test_frontier" name="test_face_gain_directional_derivative[2]" time="0.008" /><testcase classname="tests.test_frontier" name="test_face_gain_directional_derivative[3]" time="0.008" /><testcase classname="tests.test_frontier" name="test_face_gain_directional_derivative[4]" time="0.008" /><testcase classname="tests.test_frontier" name="test_smooth_step_rejects_overshoot_and_selects_safe_direction" time="0.008" /><testcase classname="tests.test_frontier" name="test_smooth_step_large_uncertainty_abstains" time="0.001" /><testcase classname="tests.test_observational_allocation" name="test_mar_dr_exact_enumeration" time="0.000" /><testcase classname="tests.test_observational_allocation" name="test_dr_reward_model_correct_even_behavior_misspecified" time="0.000" /><testcase classname="tests.test_observational_allocation" name="test_dr_behavior_correct_reward_model_wrong" time="0.000" /><testcase classname="tests.test_observational_allocation" name="test_propensity_invalid[0.0]" time="0.000" /><testcase classname="tests.test_observational_allocation" name="test_propensity_invalid[-1.0]" time="0.000" /><testcase classname="tests.test_observational_allocation" name="test_propensity_invalid[1.1]" time="0.000" /><testcase classname="tests.test_observational_allocation" name="test_propensity_invalid[nan]" time="0.000" /><testcase classname="tests.test_observational_allocation" name="test_action_indices_not_rounded" time="0.000" /><testcase classname="tests.test_observational_allocation" name="test_maturity_and_unknown_feedback" time="0.000" /><testcase classname="tests.test_observational_allocation" name="test_scalar_allocation_optimal_and_minimax[0]" time="0.002" /><testcase classname="tests.test_observational_allocation" name="test_scalar_allocation_optimal_and_minimax[1]" time="0.002" /><testcase classname="tests.test_observational_allocation" name="test_scalar_allocation_optimal_and_minimax[2]" time="0.002" /><testcase classname="tests.test_observational_allocation" name="test_scalar_allocation_optimal_and_minimax[3]" time="0.002" /><testcase classname="tests.test_observational_allocation" name="test_scalar_allocation_optimal_and_minimax[4]" time="0.002" /><testcase classname="tests.test_observational_allocation" name="test_vector_minimax_floor" time="0.001" /><testcase classname="tests.test_observational_allocation" name="test_importance_unbiased_exact_enumeration" time="0.001" /><testcase classname="tests.test_observational_allocation" name="test_cost_allocation" time="0.000" /><testcase classname="tests.test_observational_allocation" name="test_corrected_estimate_rejects_fractional_indices" time="0.000" /><testcase classname="tests.test_rl" name="test_loo_score_gradient_unbiased_by_enumeration" time="0.001" /><testcase classname="tests.test_rl" name="test_constant_groups_and_detach" time="0.001" /><testcase classname="tests.test_rl" name="test_ppo_prompt_weights_not_selfnormalized" time="0.001" /><testcase classname="tests.test_rl" name="test_invalid_group_and_kl" time="0.000" /><testcase classname="tests.test_rl" name="test_grpo_is_not_raw_reward_gradient" time="0.001" /><testcase classname="tests.test_science_acquisition" name="test_coverage_diminishing_returns_and_greedy[0]" time="0.001" /><testcase classname="tests.test_science_acquisition" name="test_coverage_diminishing_returns_and_greedy[1]" time="0.001" /><testcase classname="tests.test_science_acquisition" name="test_coverage_diminishing_returns_and_greedy[2]" time="0.002" /><testcase classname="tests.test_science_acquisition" name="test_coverage_diminishing_returns_and_greedy[3]" time="0.001" /><testcase classname="tests.test_science_acquisition" name="test_coverage_diminishing_returns_and_greedy[4]" time="0.001" /><testcase classname="tests.test_science_acquisition" name="test_information_and_posterior" time="0.001" /><testcase classname="tests.test_science_acquisition" name="test_eligibility_and_time" time="0.000" /><testcase classname="tests.test_science_acquisition" name="test_noise_correction_exact" time="0.000" /><testcase classname="tests.test_science_acquisition" name="test_synthetic_preference_is_not_verified" time="0.000" /><testcase classname="tests.test_science_acquisition" name="test_acquisition_uses_margin_before_cost" time="0.000" /><testcase classname="tests.test_science_acquisition" name="test_verified_method_dataset_bundle" time="0.000" /><testcase classname="tests.test_uncertainty" name="test_robust_box_exact_and_conservative" time="0.006" /><testcase classname="tests.test_uncertainty" name="test_intervals_contract_with_sample_count_and_preserve_zero_direction" time="0.001" /><testcase classname="tests.test_uncertainty" name="test_tiny_reference_cannot_fake_confidence" time="0.002" /></testsuite></testsuites>